--------------------------------------------------------------------------------
Release 14.7 Trace  (nt64)
Copyright (c) 1995-2013 Xilinx, Inc.  All rights reserved.

C:\Xilinx\14.7\ISE_DS\ISE\bin\nt64\unwrapped\trce.exe -intstyle ise -v 3 -s 3
-n 3 -fastpaths -xml topLevel.twx topLevel.ncd -o topLevel.twr topLevel.pcf
-ucf toplevelUCF.ucf

Design file:              topLevel.ncd
Physical constraint file: topLevel.pcf
Device,package,speed:     xc7a100t,csg324,C,-3 (PRODUCTION 1.10 2013-10-13)
Report level:             verbose report

Environment Variable      Effect 
--------------------      ------ 
NONE                      No environment variables were set
--------------------------------------------------------------------------------

INFO:Timing:2698 - No timing constraints found, doing default enumeration.
INFO:Timing:3412 - To improve timing, see the Timing Closure User Guide (UG612).
INFO:Timing:2752 - To get complete path coverage, use the unconstrained paths 
   option. All paths that are not constrained will be reported in the 
   unconstrained paths section(s) of the report.
INFO:Timing:3339 - The clock-to-out numbers in this timing report are based on 
   a 50 Ohm transmission line loading model.  For the details of this model, 
   and for more information on accounting for different loading conditions, 
   please see the device datasheet.



Data Sheet report:
-----------------
All values displayed in nanoseconds (ns)

Setup/Hold to clock clk
------------+------------+------------+------------+------------+------------------+--------+
            |Max Setup to|  Process   |Max Hold to |  Process   |                  | Clock  |
Source      | clk (edge) |   Corner   | clk (edge) |   Corner   |Internal Clock(s) | Phase  |
------------+------------+------------+------------+------------+------------------+--------+
inc         |   -0.088(R)|      FAST  |    1.887(R)|      SLOW  |clk_BUFGP         |   0.000|
rst         |   -0.397(R)|      FAST  |    2.100(R)|      SLOW  |clk_BUFGP         |   0.000|
uphdnl      |    0.509(R)|      FAST  |    2.108(R)|      SLOW  |clk_BUFGP         |   0.000|
------------+------------+------------+------------+------------+------------------+--------+

Clock clk to Pad
------------+-----------------+------------+-----------------+------------+------------------+--------+
            |Max (slowest) clk|  Process   |Min (fastest) clk|  Process   |                  | Clock  |
Destination |  (edge) to PAD  |   Corner   |  (edge) to PAD  |   Corner   |Internal Clock(s) | Phase  |
------------+-----------------+------------+-----------------+------------+------------------+--------+
a           |        12.159(R)|      SLOW  |         4.163(R)|      FAST  |clk_BUFGP         |   0.000|
b           |        12.333(R)|      SLOW  |         4.323(R)|      FAST  |clk_BUFGP         |   0.000|
c           |        11.704(R)|      SLOW  |         3.865(R)|      FAST  |clk_BUFGP         |   0.000|
d           |        12.170(R)|      SLOW  |         4.121(R)|      FAST  |clk_BUFGP         |   0.000|
e           |        11.602(R)|      SLOW  |         3.751(R)|      FAST  |clk_BUFGP         |   0.000|
f           |        11.784(R)|      SLOW  |         3.969(R)|      FAST  |clk_BUFGP         |   0.000|
g           |        11.342(R)|      SLOW  |         3.567(R)|      FAST  |clk_BUFGP         |   0.000|
------------+-----------------+------------+-----------------+------------+------------------+--------+

Clock to Setup on destination clock clk
---------------+---------+---------+---------+---------+
               | Src:Rise| Src:Fall| Src:Rise| Src:Fall|
Source Clock   |Dest:Rise|Dest:Rise|Dest:Fall|Dest:Fall|
---------------+---------+---------+---------+---------+
clk            |    3.727|         |         |         |
---------------+---------+---------+---------+---------+


Analysis completed Tue Sep 25 18:03:44 2018 
--------------------------------------------------------------------------------

Trace Settings:
-------------------------
Trace Settings 

Peak Memory Usage: 5003 MB



